-------------------------------------------------------------------------------
Test set: com.java.hellokodin.jpa.book.JpaApplicationTests
-------------------------------------------------------------------------------
Tests run: 1, Failures: 0, Errors: 1, Skipped: 0, Time elapsed: 10.718 s <<< FAILURE! - in com.java.hellokodin.jpa.book.JpaApplicationTests
contextLoads(com.java.hellokodin.jpa.book.JpaApplicationTests)  Time elapsed: 0 s  <<< ERROR!
java.lang.IllegalStateException: Failed to load ApplicationContext
Caused by: org.springframework.beans.factory.BeanCreationException: Error creating bean with name 'entityManagerFactory' defined in class path resource [org/springframework/boot/autoconfigure/orm/jpa/HibernateJpaConfiguration.class]: Invocation of init method failed; nested exception is javax.persistence.PersistenceException: [PersistenceUnit: default] Unable to build Hibernate SessionFactory; nested exception is org.hibernate.MappingException: org.hibernate.dialect.identity.IdentityColumnSupportImpl does not support identity key generation
Caused by: javax.persistence.PersistenceException: [PersistenceUnit: default] Unable to build Hibernate SessionFactory; nested exception is org.hibernate.MappingException: org.hibernate.dialect.identity.IdentityColumnSupportImpl does not support identity key generation
Caused by: org.hibernate.MappingException: org.hibernate.dialect.identity.IdentityColumnSupportImpl does not support identity key generation

